

Microchip Technology PIC LITE Macro Assembler V1.35 build -356382666 
                                                                                               Sun Sep 04 15:31:36 2016

Microchip Technology Omniscient Code Generator v1.35 (Free mode) build 201507080246
     1                           	processor	12F1822
     2                           	opt	pw 120
     3                           	opt	lm
     4                           	psect	cinit,global,class=CODE,merge=1,delta=2
     5                           	psect	bssCOMMON,global,class=COMMON,space=1,delta=1
     6                           	psect	cstackCOMMON,global,class=COMMON,space=1,delta=1
     7                           	psect	maintext,global,class=CODE,merge=1,split=1,delta=2
     8                           	psect	intentry,global,class=CODE,delta=2
     9                           	psect	text2,local,class=CODE,merge=1,delta=2
    10                           	dabs	1,0x7E,2
    11  0000                     	;# 
    12  0001                     	;# 
    13  0002                     	;# 
    14  0003                     	;# 
    15  0004                     	;# 
    16  0005                     	;# 
    17  0006                     	;# 
    18  0007                     	;# 
    19  0008                     	;# 
    20  0009                     	;# 
    21  000A                     	;# 
    22  000B                     	;# 
    23  000C                     	;# 
    24  0011                     	;# 
    25  0012                     	;# 
    26  0015                     	;# 
    27  0016                     	;# 
    28  0016                     	;# 
    29  0017                     	;# 
    30  0018                     	;# 
    31  0019                     	;# 
    32  001A                     	;# 
    33  001B                     	;# 
    34  001C                     	;# 
    35  001E                     	;# 
    36  001F                     	;# 
    37  008C                     	;# 
    38  0091                     	;# 
    39  0092                     	;# 
    40  0095                     	;# 
    41  0096                     	;# 
    42  0097                     	;# 
    43  0098                     	;# 
    44  0099                     	;# 
    45  009A                     	;# 
    46  009B                     	;# 
    47  009B                     	;# 
    48  009C                     	;# 
    49  009D                     	;# 
    50  009E                     	;# 
    51  010C                     	;# 
    52  0111                     	;# 
    53  0112                     	;# 
    54  0115                     	;# 
    55  0116                     	;# 
    56  0117                     	;# 
    57  0118                     	;# 
    58  0119                     	;# 
    59  011A                     	;# 
    60  011B                     	;# 
    61  011D                     	;# 
    62  011D                     	;# 
    63  018C                     	;# 
    64  0191                     	;# 
    65  0191                     	;# 
    66  0192                     	;# 
    67  0193                     	;# 
    68  0193                     	;# 
    69  0193                     	;# 
    70  0194                     	;# 
    71  0195                     	;# 
    72  0196                     	;# 
    73  0199                     	;# 
    74  019A                     	;# 
    75  019B                     	;# 
    76  019B                     	;# 
    77  019B                     	;# 
    78  019B                     	;# 
    79  019C                     	;# 
    80  019C                     	;# 
    81  019D                     	;# 
    82  019E                     	;# 
    83  019F                     	;# 
    84  020C                     	;# 
    85  0211                     	;# 
    86  0211                     	;# 
    87  0212                     	;# 
    88  0212                     	;# 
    89  0213                     	;# 
    90  0213                     	;# 
    91  0214                     	;# 
    92  0214                     	;# 
    93  0215                     	;# 
    94  0215                     	;# 
    95  0215                     	;# 
    96  0216                     	;# 
    97  0216                     	;# 
    98  0217                     	;# 
    99  0217                     	;# 
   100  0291                     	;# 
   101  0291                     	;# 
   102  0292                     	;# 
   103  0293                     	;# 
   104  0294                     	;# 
   105  0295                     	;# 
   106  0295                     	;# 
   107  0296                     	;# 
   108  0391                     	;# 
   109  0392                     	;# 
   110  0393                     	;# 
   111  039A                     	;# 
   112  039C                     	;# 
   113  039D                     	;# 
   114  039E                     	;# 
   115  039F                     	;# 
   116  0FE4                     	;# 
   117  0FE5                     	;# 
   118  0FE6                     	;# 
   119  0FE7                     	;# 
   120  0FE8                     	;# 
   121  0FE9                     	;# 
   122  0FEA                     	;# 
   123  0FEB                     	;# 
   124  0FED                     	;# 
   125  0FEE                     	;# 
   126  0FEF                     	;# 
   127  000B                     _INTCON	set	11
   128  000B                     _INTCONbits	set	11
   129  0011                     _PIR1bits	set	17
   130  000C                     _PORTAbits	set	12
   131  001B                     _PR2	set	27
   132  001C                     _T2CON	set	28
   133  001C                     _T2CONbits	set	28
   134  0015                     _TMR0	set	21
   135  001A                     _TMR2	set	26
   136  009D                     _ADCON0	set	157
   137  009D                     _ADCON0bits	set	157
   138  009E                     _ADCON1	set	158
   139  009C                     _ADRESH	set	156
   140  009B                     _ADRESL	set	155
   141  0095                     _OPTION_REG	set	149
   142  0095                     _OPTION_REGbits	set	149
   143  0099                     _OSCCON	set	153
   144  009A                     _OSCSTAT	set	154
   145  0098                     _OSCTUNE	set	152
   146  0091                     _PIE1bits	set	145
   147  008C                     _TRISA	set	140
   148  011D                     _APFCON	set	285
   149  010C                     _LATA	set	268
   150  0860                     _LATA0	set	2144
   151  0861                     _LATA1	set	2145
   152  0865                     _LATA5	set	2149
   153  018C                     _ANSELA	set	396
   154  020C                     _WPUA	set	524
   155                           
   156                           ; #config settings
   157  0000                     
   158                           	psect	cinit
   159  003E                     start_initialization:	
   160  003E                     __initialization:	
   161                           
   162                           ; Clear objects allocated to COMMON
   163  003E  01F0               	clrf	__pbssCOMMON& (0+127)
   164  003F  01F1               	clrf	(__pbssCOMMON+1)& (0+127)
   165  0040  01F2               	clrf	(__pbssCOMMON+2)& (0+127)
   166  0041  01F3               	clrf	(__pbssCOMMON+3)& (0+127)
   167  0042  01F4               	clrf	(__pbssCOMMON+4)& (0+127)
   168  0043  01F5               	clrf	(__pbssCOMMON+5)& (0+127)
   169  0044  01F6               	clrf	(__pbssCOMMON+6)& (0+127)
   170  0045                     end_of_initialization:	
   171                           ;End of C runtime variable initialization code
   172                           
   173  0045                     __end_of__initialization:	
   174  0045  107E               	bcf	int$flags,0	;clear compiler interrupt flag (level 1)
   175  0046  0020               	movlb	0
   176  0047  28BD               	ljmp	_main	;jump to C main() function
   177                           
   178                           	psect	bssCOMMON
   179  0070                     __pbssCOMMON:	
   180  0070                     _CountCallBack:	
   181  0070                     	ds	2
   182  0072                     _convertedValue:	
   183  0072                     	ds	2
   184  0074                     _OverTemp:	
   185  0074                     	ds	1
   186  0075                     _pwmcount:	
   187  0075                     	ds	1
   188  0076                     _pwmduty:	
   189  0076                     	ds	1
   190                           
   191                           	psect	cstackCOMMON
   192  0077                     __pcstackCOMMON:	
   193  0077                     ?_Timer0_CallBack:	
   194  0077                     ??_Timer0_CallBack:	
   195                           ; 0 bytes @ 0x0
   196                           
   197  0077                     ?_tc_int:	
   198                           ; 0 bytes @ 0x0
   199                           
   200  0077                     ?_main:	
   201                           ; 0 bytes @ 0x0
   202                           
   203                           
   204                           ; 0 bytes @ 0x0
   205  0077                     	ds	1
   206  0078                     ??_tc_int:	
   207                           
   208                           ; 0 bytes @ 0x1
   209  0078                     	ds	2
   210  007A                     ??_main:	
   211                           
   212                           	psect	maintext
   213  00BD                     __pmaintext:	
   214                           ; 0 bytes @ 0x3
   215 ;;
   216 ;;Main: autosize = 0, tempsize = 0, incstack = 0, save=0
   217 ;;
   218 ;; *************** function _main *****************
   219 ;; Defined at:
   220 ;;		line 160 in file "main.c"
   221 ;; Parameters:    Size  Location     Type
   222 ;;		None
   223 ;; Auto vars:     Size  Location     Type
   224 ;;		None
   225 ;; Return value:  Size  Location     Type
   226 ;;		None               void
   227 ;; Registers used:
   228 ;;		wreg, status,2, status,0
   229 ;; Tracked objects:
   230 ;;		On entry : B1F/0
   231 ;;		On exit  : 0/0
   232 ;;		Unchanged: 0/0
   233 ;; Data sizes:     COMMON   BANK0   BANK1
   234 ;;      Params:         0       0       0
   235 ;;      Locals:         0       0       0
   236 ;;      Temps:          0       0       0
   237 ;;      Totals:         0       0       0
   238 ;;Total ram usage:        0 bytes
   239 ;; Hardware stack levels required when called:    2
   240 ;; This function calls:
   241 ;;		Nothing
   242 ;; This function is called by:
   243 ;;		Startup code after reset
   244 ;; This function uses a non-reentrant model
   245 ;;
   246                           
   247                           
   248                           ;psect for function _main
   249  00BD                     _main:	
   250                           
   251                           ;main.c: 165: OSCCON = 0x50;
   252                           
   253                           ;incstack = 0
   254                           ; Regs used in _main: [wreg+status,2+status,0]
   255  00BD  3050               	movlw	80
   256  00BE  0021               	movlb	1	; select bank1
   257  00BF  0099               	movwf	25	;volatile
   258                           
   259                           ;main.c: 167: OSCSTAT = 0x00;
   260  00C0  019A               	clrf	26	;volatile
   261                           
   262                           ;main.c: 169: OSCTUNE = 0x00;
   263  00C1  0198               	clrf	24	;volatile
   264                           
   265                           ;main.c: 172: LATA = 0x0;
   266  00C2  0022               	movlb	2	; select bank2
   267  00C3  018C               	clrf	12	;volatile
   268                           
   269                           ;main.c: 173: ANSELA = 0x4;
   270  00C4  3004               	movlw	4
   271  00C5  0023               	movlb	3	; select bank3
   272  00C6  008C               	movwf	12	;volatile
   273                           
   274                           ;main.c: 174: WPUA = 0x3F;
   275  00C7  303F               	movlw	63
   276  00C8  0024               	movlb	4	; select bank4
   277  00C9  008C               	movwf	12	;volatile
   278                           
   279                           ;main.c: 175: TRISA = 0x1C;
   280  00CA  301C               	movlw	28
   281  00CB  0021               	movlb	1	; select bank1
   282  00CC  008C               	movwf	12	;volatile
   283                           
   284                           ;main.c: 177: OPTION_REGbits.nWPUEN = 0x0;
   285  00CD  1395               	bcf	21,7	;volatile
   286                           
   287                           ;main.c: 178: APFCON = 0x01;
   288  00CE  3001               	movlw	1
   289  00CF  0022               	movlb	2	; select bank2
   290  00D0  009D               	movwf	29	;volatile
   291                           
   292                           ;main.c: 180: LATA5 = 0;
   293  00D1  128C               	bcf	12,5	;volatile
   294                           
   295                           ;main.c: 185: ADCON0 = 0x01;
   296  00D2  3001               	movlw	1
   297  00D3  0021               	movlb	1	; select bank1
   298  00D4  009D               	movwf	29	;volatile
   299                           
   300                           ;main.c: 187: ADCON1 = 0x80;
   301  00D5  3080               	movlw	128
   302  00D6  009E               	movwf	30	;volatile
   303                           
   304                           ;main.c: 189: ADRESL = 0x00;
   305  00D7  019B               	clrf	27	;volatile
   306                           
   307                           ;main.c: 190: ADRESH = 0x00;
   308  00D8  019C               	clrf	28	;volatile
   309                           
   310                           ;main.c: 192: ADCON0bits.CHS = 2;
   311  00D9  081D               	movf	29,w	;volatile
   312  00DA  3983               	andlw	-125
   313  00DB  3808               	iorlw	8
   314  00DC  009D               	movwf	29	;volatile
   315                           
   316                           ;main.c: 194: ADCON0bits.ADON = 1;
   317  00DD  141D               	bsf	29,0	;volatile
   318                           
   319                           ;main.c: 199: T2CON = 0b00000000;
   320  00DE  0020               	movlb	0	; select bank0
   321  00DF  019C               	clrf	28	;volatile
   322                           
   323                           ;main.c: 201: PR2 = 0x0C;
   324  00E0  300C               	movlw	12
   325  00E1  009B               	movwf	27	;volatile
   326                           
   327                           ;main.c: 203: TMR2 = 0x00;
   328  00E2  019A               	clrf	26	;volatile
   329                           
   330                           ;main.c: 205: T2CONbits.TMR2ON = 1;
   331  00E3  151C               	bsf	28,2	;volatile
   332                           
   333                           ;main.c: 206: PIR1bits.TMR2IF = 0;
   334  00E4  1091               	bcf	17,1	;volatile
   335                           
   336                           ;main.c: 207: PIE1bits.TMR2IE = 1;
   337  00E5  0021               	movlb	1	; select bank1
   338  00E6  1491               	bsf	17,1	;volatile
   339                           
   340                           ;main.c: 210: OPTION_REG = 0x87;
   341  00E7  3087               	movlw	135
   342  00E8  0095               	movwf	21	;volatile
   343                           
   344                           ;main.c: 211: TMR0 = 12;
   345  00E9  300C               	movlw	12
   346  00EA  0020               	movlb	0	; select bank0
   347  00EB  0095               	movwf	21	;volatile
   348                           
   349                           ;main.c: 212: INTCON = 0xA0;
   350  00EC  30A0               	movlw	160
   351  00ED  008B               	movwf	11	;volatile
   352                           
   353                           ;main.c: 215: INTCONbits.TMR0IF = 0;
   354  00EE  110B               	bcf	11,2	;volatile
   355                           
   356                           ;main.c: 217: INTCONbits.TMR0IE = 1;
   357  00EF  168B               	bsf	11,5	;volatile
   358                           
   359                           ;main.c: 222: INTCONbits.T0IE = 1;
   360  00F0  168B               	bsf	11,5	;volatile
   361                           
   362                           ;main.c: 223: OPTION_REGbits.INTEDG = 0;
   363  00F1  0021               	movlb	1	; select bank1
   364  00F2  1315               	bcf	21,6	;volatile
   365                           
   366                           ;main.c: 224: INTCONbits.INTE = 1;
   367  00F3  160B               	bsf	11,4	;volatile
   368                           
   369                           ;main.c: 225: INTCONbits. GIE = 1;
   370  00F4  178B               	bsf	11,7	;volatile
   371                           
   372                           ;main.c: 226: INTCONbits.PEIE = 1;
   373  00F5  170B               	bsf	11,6	;volatile
   374  00F6                     l109:	
   375                           ;main.c: 229: while (1) {
   376                           
   377  00F6  28F6               	goto	l109
   378  00F7                     __end_of_main:	
   379                           ;main.c: 230: }
   380                           ;main.c: 232: return;
   381                           
   382                           
   383                           	psect	intentry
   384  0004                     __pintentry:	
   385 ;; *************** function _tc_int *****************
   386 ;; Defined at:
   387 ;;		line 121 in file "main.c"
   388 ;; Parameters:    Size  Location     Type
   389 ;;		None
   390 ;; Auto vars:     Size  Location     Type
   391 ;;		None
   392 ;; Return value:  Size  Location     Type
   393 ;;		None               void
   394 ;; Registers used:
   395 ;;		wreg, status,2, status,0, pclath, cstack
   396 ;; Tracked objects:
   397 ;;		On entry : 0/0
   398 ;;		On exit  : 0/0
   399 ;;		Unchanged: 0/0
   400 ;; Data sizes:     COMMON   BANK0   BANK1
   401 ;;      Params:         0       0       0
   402 ;;      Locals:         0       0       0
   403 ;;      Temps:          2       0       0
   404 ;;      Totals:         2       0       0
   405 ;;Total ram usage:        2 bytes
   406 ;; Hardware stack levels used:    1
   407 ;; Hardware stack levels required when called:    1
   408 ;; This function calls:
   409 ;;		_Timer0_CallBack
   410 ;; This function is called by:
   411 ;;		Interrupt level 1
   412 ;; This function uses a non-reentrant model
   413 ;;
   414                           
   415  0004                     _tc_int:	
   416                           
   417                           ;incstack = 0
   418                           ; Regs used in _tc_int: [wreg+status,2+status,0+pclath+cstack]
   419  0004  147E               	bsf	126,0	;set compiler interrupt flag (level 1)
   420  0005  3180               	pagesel	$
   421  0006  0020               	movlb	0	; select bank0
   422  0007  087F               	movf	127,w
   423  0008  00F9               	movwf	??_tc_int+1
   424                           
   425                           ;main.c: 123: if (INTCONbits.T0IF && INTCONbits.T0IE)
   426  0009  190B               	btfsc	11,2	;volatile
   427  000A  1E8B               	btfss	11,5	;volatile
   428  000B  281E               	goto	i1l99
   429                           
   430                           ;main.c: 124: {
   431                           ;main.c: 125: TMR0 = 12;
   432  000C  300C               	movlw	12
   433  000D  0095               	movwf	21	;volatile
   434                           
   435                           ;main.c: 128: if (++CountCallBack >= 2) {
   436  000E  3001               	movlw	1
   437  000F  07F0               	addwf	_CountCallBack,f
   438  0010  3000               	movlw	0
   439  0011  3DF1               	addwfc	_CountCallBack+1,f
   440  0012  3000               	movlw	0
   441  0013  0271               	subwf	_CountCallBack+1,w
   442  0014  3002               	movlw	2
   443  0015  1903               	skipnz
   444  0016  0270               	subwf	_CountCallBack,w
   445  0017  1C03               	skipc
   446  0018  281C               	goto	i1l634
   447                           
   448                           ;main.c: 130: Timer0_CallBack();
   449  0019  2048               	fcall	_Timer0_CallBack
   450                           
   451                           ;main.c: 133: CountCallBack = 0;
   452  001A  01F0               	clrf	_CountCallBack
   453  001B  01F1               	clrf	_CountCallBack+1
   454  001C                     i1l634:	
   455                           
   456                           ;main.c: 134: }
   457                           ;main.c: 137: INTCONbits.TMR0IF = 0;
   458  001C  110B               	bcf	11,2	;volatile
   459                           
   460                           ;main.c: 138: }
   461  001D  2838               	goto	i1l106
   462  001E                     i1l99:	
   463                           
   464                           ;main.c: 139: else if (PIR1bits.TMR2IF && PIE1bits.TMR2IE)
   465  001E  1C91               	btfss	17,1	;volatile
   466  001F  2838               	goto	i1l106
   467  0020  0021               	movlb	1	; select bank1
   468  0021  1C91               	btfss	17,1	;volatile
   469  0022  2838               	goto	i1l106
   470                           
   471                           ;main.c: 140: {
   472                           ;main.c: 142: pwmcount = pwmcount + 1;
   473  0023  0875               	movf	_pwmcount,w
   474  0024  3E01               	addlw	1
   475  0025  00F8               	movwf	??_tc_int
   476  0026  0878               	movf	??_tc_int,w
   477  0027  00F5               	movwf	_pwmcount
   478                           
   479                           ;main.c: 144: if (pwmcount < pwmduty) {
   480  0028  0876               	movf	_pwmduty,w
   481  0029  0275               	subwf	_pwmcount,w
   482  002A  1803               	skipnc
   483  002B  282F               	goto	i1l103
   484                           
   485                           ;main.c: 145: LATA5 = 1;
   486  002C  0022               	movlb	2	; select bank2
   487  002D  168C               	bsf	12,5	;volatile
   488                           
   489                           ;main.c: 146: } else {
   490  002E  2831               	goto	i1l644
   491  002F                     i1l103:	
   492                           
   493                           ;main.c: 147: LATA5 = 0;
   494  002F  0022               	movlb	2	; select bank2
   495  0030  128C               	bcf	12,5	;volatile
   496  0031                     i1l644:	
   497                           
   498                           ;main.c: 148: }
   499                           ;main.c: 150: if (pwmcount >= 64) {
   500  0031  3040               	movlw	64
   501  0032  0275               	subwf	_pwmcount,w
   502  0033  1803               	btfsc	3,0
   503                           
   504                           ;main.c: 151: pwmcount = 0;
   505  0034  01F5               	clrf	_pwmcount
   506                           
   507                           ;main.c: 152: }
   508                           ;main.c: 154: PIR1bits.TMR2IF = 0;
   509  0035  0020               	movlb	0	; select bank0
   510  0036  1091               	bcf	17,1	;volatile
   511                           
   512                           ;main.c: 155: TMR2 = 0x00;
   513  0037  019A               	clrf	26	;volatile
   514  0038                     i1l106:	
   515  0038  0879               	movf	??_tc_int+1,w
   516  0039  0020               	movlb	0	; select bank0
   517  003A  00FF               	movwf	127
   518  003B  107E               	bcf	126,0	;clear compiler interrupt flag (level 1)
   519  003C  0009               	retfie
   520  003D                     __end_of_tc_int:	
   521                           
   522                           	psect	text2
   523  0048                     __ptext2:	
   524 ;; *************** function _Timer0_CallBack *****************
   525 ;; Defined at:
   526 ;;		line 49 in file "main.c"
   527 ;; Parameters:    Size  Location     Type
   528 ;;		None
   529 ;; Auto vars:     Size  Location     Type
   530 ;;		None
   531 ;; Return value:  Size  Location     Type
   532 ;;		None               void
   533 ;; Registers used:
   534 ;;		wreg, status,2, status,0
   535 ;; Tracked objects:
   536 ;;		On entry : 0/0
   537 ;;		On exit  : 0/0
   538 ;;		Unchanged: 0/0
   539 ;; Data sizes:     COMMON   BANK0   BANK1
   540 ;;      Params:         0       0       0
   541 ;;      Locals:         0       0       0
   542 ;;      Temps:          1       0       0
   543 ;;      Totals:         1       0       0
   544 ;;Total ram usage:        1 bytes
   545 ;; Hardware stack levels used:    1
   546 ;; This function calls:
   547 ;;		Nothing
   548 ;; This function is called by:
   549 ;;		_tc_int
   550 ;; This function uses a non-reentrant model
   551 ;;
   552                           
   553                           
   554                           ;psect for function _Timer0_CallBack
   555  0048                     _Timer0_CallBack:	
   556                           
   557                           ;main.c: 53: ADCON0bits.GO_nDONE = 1;
   558                           
   559                           ;incstack = 0
   560                           ; Regs used in _Timer0_CallBack: [wreg+status,2+status,0]
   561  0048  0021               	movlb	1	; select bank1
   562  0049  149D               	bsf	29,1	;volatile
   563  004A                     i1l69:	
   564                           ;main.c: 56: while (ADCON0bits.GO_nDONE) {
   565                           
   566  004A  189D               	btfsc	29,1	;volatile
   567  004B  284A               	goto	i1l69
   568                           
   569                           ;main.c: 57: }
   570                           ;main.c: 59: convertedValue = ((ADRESH << 8) + ADRESL);
   571  004C  081C               	movf	28,w	;volatile
   572  004D  00F3               	movwf	_convertedValue+1
   573  004E  081B               	movf	27,w	;volatile
   574  004F  00F2               	movwf	_convertedValue
   575                           
   576                           ;main.c: 63: if (convertedValue > 250) {
   577  0050  3000               	movlw	0
   578  0051  0273               	subwf	_convertedValue+1,w
   579  0052  30FB               	movlw	251
   580  0053  1903               	skipnz
   581  0054  0272               	subwf	_convertedValue,w
   582  0055  1C03               	skipc
   583  0056  285A               	goto	i1l580
   584                           
   585                           ;main.c: 64: OverTemp = 1;
   586  0057  01F4               	clrf	_OverTemp
   587  0058  0AF4               	incf	_OverTemp,f
   588  0059  2862               	goto	i1l584
   589  005A                     i1l580:	
   590                           ;main.c: 66: } else {
   591                           
   592                           ;main.c: 65: pwmduty = 64;
   593                           
   594                           
   595                           ;main.c: 67: OverTemp = 0;
   596  005A  01F4               	clrf	_OverTemp
   597                           
   598                           ;main.c: 68: if (convertedValue > 240) {
   599  005B  3000               	movlw	0
   600  005C  0273               	subwf	_convertedValue+1,w
   601  005D  30F1               	movlw	241
   602  005E  1903               	skipnz
   603  005F  0272               	subwf	_convertedValue,w
   604  0060  1C03               	skipc
   605  0061  2864               	goto	i1l586
   606  0062                     i1l584:	
   607                           
   608                           ;main.c: 69: pwmduty = 64;
   609  0062  3040               	movlw	64
   610  0063  28A2               	goto	L7
   611  0064                     i1l586:	
   612                           ;main.c: 70: }
   613                           
   614                           
   615                           ;main.c: 71: else if (convertedValue > 229) {
   616  0064  3000               	movlw	0
   617  0065  0273               	subwf	_convertedValue+1,w
   618  0066  30E6               	movlw	230
   619  0067  1903               	skipnz
   620  0068  0272               	subwf	_convertedValue,w
   621  0069  1C03               	skipc
   622  006A  286D               	goto	i1l590
   623                           
   624                           ;main.c: 72: pwmduty = 60;
   625  006B  303C               	movlw	60
   626  006C  28A2               	goto	L7
   627  006D                     i1l590:	
   628                           ;main.c: 73: }
   629                           
   630                           
   631                           ;main.c: 74: else if (convertedValue > 219) {
   632  006D  3000               	movlw	0
   633  006E  0273               	subwf	_convertedValue+1,w
   634  006F  30DC               	movlw	220
   635  0070  1903               	skipnz
   636  0071  0272               	subwf	_convertedValue,w
   637  0072  1C03               	skipc
   638  0073  2876               	goto	i1l594
   639                           
   640                           ;main.c: 75: pwmduty = 55;
   641  0074  3037               	movlw	55
   642  0075  28A2               	goto	L7
   643  0076                     i1l594:	
   644                           ;main.c: 76: }
   645                           
   646                           
   647                           ;main.c: 77: else if (convertedValue > 208) {
   648  0076  3000               	movlw	0
   649  0077  0273               	subwf	_convertedValue+1,w
   650  0078  30D1               	movlw	209
   651  0079  1903               	skipnz
   652  007A  0272               	subwf	_convertedValue,w
   653  007B  1C03               	skipc
   654  007C  287F               	goto	i1l598
   655                           
   656                           ;main.c: 78: pwmduty = 50;
   657  007D  3032               	movlw	50
   658  007E  28A2               	goto	L7
   659  007F                     i1l598:	
   660                           ;main.c: 79: }
   661                           
   662                           
   663                           ;main.c: 80: else if (convertedValue > 198) {
   664  007F  3000               	movlw	0
   665  0080  0273               	subwf	_convertedValue+1,w
   666  0081  30C7               	movlw	199
   667  0082  1903               	skipnz
   668  0083  0272               	subwf	_convertedValue,w
   669  0084  1C03               	skipc
   670  0085  2888               	goto	i1l602
   671                           
   672                           ;main.c: 81: pwmduty = 45;
   673  0086  302D               	movlw	45
   674  0087  28A2               	goto	L7
   675  0088                     i1l602:	
   676                           ;main.c: 82: }
   677                           
   678                           
   679                           ;main.c: 83: else if (convertedValue > 188) {
   680  0088  3000               	movlw	0
   681  0089  0273               	subwf	_convertedValue+1,w
   682  008A  30BD               	movlw	189
   683  008B  1903               	skipnz
   684  008C  0272               	subwf	_convertedValue,w
   685  008D  1C03               	skipc
   686  008E  2891               	goto	i1l606
   687                           
   688                           ;main.c: 84: pwmduty = 40;
   689  008F  3028               	movlw	40
   690  0090  28A2               	goto	L7
   691  0091                     i1l606:	
   692                           ;main.c: 85: }
   693                           
   694                           
   695                           ;main.c: 86: else if (convertedValue > 177) {
   696  0091  3000               	movlw	0
   697  0092  0273               	subwf	_convertedValue+1,w
   698  0093  30B2               	movlw	178
   699  0094  1903               	skipnz
   700  0095  0272               	subwf	_convertedValue,w
   701  0096  1C03               	skipc
   702  0097  289A               	goto	i1l610
   703                           
   704                           ;main.c: 87: pwmduty = 35;
   705  0098  3023               	movlw	35
   706  0099  28A2               	goto	L7
   707  009A                     i1l610:	
   708                           ;main.c: 88: }
   709                           
   710                           
   711                           ;main.c: 89: else if (convertedValue > 167) {
   712  009A  3000               	movlw	0
   713  009B  0273               	subwf	_convertedValue+1,w
   714  009C  30A8               	movlw	168
   715  009D  1903               	skipnz
   716  009E  0272               	subwf	_convertedValue,w
   717  009F  1C03               	skipc
   718  00A0  28A6               	goto	i1l614
   719                           
   720                           ;main.c: 90: pwmduty = 30;
   721  00A1  301E               	movlw	30
   722  00A2                     L7:	
   723  00A2  00F7               	movwf	??_Timer0_CallBack
   724  00A3  0877               	movf	??_Timer0_CallBack,w
   725  00A4  00F6               	movwf	_pwmduty
   726                           
   727                           ;main.c: 91: }
   728  00A5  28A7               	goto	i1l616
   729  00A6                     i1l614:	
   730                           
   731                           ;main.c: 92: else {
   732                           ;main.c: 93: pwmduty = 0;
   733  00A6  01F6               	clrf	_pwmduty
   734  00A7                     i1l616:	
   735                           
   736                           ;main.c: 94: }
   737                           ;main.c: 95: }
   738                           ;main.c: 98: if (OverTemp == 1) {
   739  00A7  0374               	decf	_OverTemp,w
   740  00A8  1D03               	btfss	3,2
   741  00A9  28B2               	goto	i1l90
   742                           
   743                           ;main.c: 99: LATA0 = 0;
   744  00AA  0022               	movlb	2	; select bank2
   745  00AB  100C               	bcf	12,0	;volatile
   746                           
   747                           ;main.c: 100: if (LATA1 == 1) {
   748  00AC  1C8C               	btfss	12,1	;volatile
   749  00AD  28B0               	goto	i1l91
   750                           
   751                           ;main.c: 101: LATA1 = 0;
   752  00AE  108C               	bcf	12,1	;volatile
   753                           
   754                           ;main.c: 102: } else {
   755  00AF  0008               	return
   756  00B0                     i1l91:	
   757                           
   758                           ;main.c: 103: LATA1 = 1;
   759  00B0  148C               	bsf	12,1	;volatile
   760                           
   761                           ;main.c: 104: }
   762                           ;main.c: 106: } else {
   763  00B1  0008               	return
   764  00B2                     i1l90:	
   765                           
   766                           ;main.c: 108: if (PORTAbits.RA4 == 1) {
   767  00B2  0020               	movlb	0	; select bank0
   768  00B3  1E0C               	btfss	12,4	;volatile
   769  00B4  28B9               	goto	i1l94
   770                           
   771                           ;main.c: 109: LATA0 = 0;
   772  00B5  0022               	movlb	2	; select bank2
   773  00B6  100C               	bcf	12,0	;volatile
   774                           
   775                           ;main.c: 110: LATA1 = 1;
   776  00B7  148C               	bsf	12,1	;volatile
   777                           
   778                           ;main.c: 111: } else {
   779  00B8  0008               	return
   780  00B9                     i1l94:	
   781                           
   782                           ;main.c: 112: LATA0 = 1;
   783  00B9  0022               	movlb	2	; select bank2
   784  00BA  140C               	bsf	12,0	;volatile
   785                           
   786                           ;main.c: 113: LATA1 = 0;
   787  00BB  108C               	bcf	12,1	;volatile
   788  00BC  0008               	return
   789  00BD                     __end_of_Timer0_CallBack:	
   790  007E                     btemp	set	126	;btemp
   791  007E                     int$flags	set	126
   792  007E                     wtemp	set	126
   793  007E                     wtemp0	set	126
   794  0080                     wtemp1	set	128
   795  0082                     wtemp2	set	130
   796  0084                     wtemp3	set	132
   797  0086                     wtemp4	set	134
   798  0088                     wtemp5	set	136
   799  007F                     wtemp6	set	127
   800  007E                     ttemp	set	126
   801  007E                     ttemp0	set	126
   802  0081                     ttemp1	set	129
   803  0084                     ttemp2	set	132
   804  0087                     ttemp3	set	135
   805  007F                     ttemp4	set	127
   806  007E                     ltemp	set	126
   807  007E                     ltemp0	set	126
   808  0082                     ltemp1	set	130
   809  0086                     ltemp2	set	134
   810  0080                     ltemp3	set	128


Data Sizes:
    Strings     0
    Constant    0
    Data        0
    BSS         7
    Persistent  0
    Stack       0

Auto Spaces:
    Space          Size  Autos    Used
    COMMON           14      3      10
    BANK0            80      0       0
    BANK1            32      0       0

Pointer List with Targets:

    None.

Critical Paths under _main in COMMON

    None.

Critical Paths under _tc_int in COMMON

    _tc_int->_Timer0_CallBack

Critical Paths under _main in BANK0

    None.

Critical Paths under _tc_int in BANK0

    None.

Critical Paths under _main in BANK1

    None.

Critical Paths under _tc_int in BANK1

    None.

Call Graph Tables:

 ---------------------------------------------------------------------------------
 (Depth) Function   	        Calls       Base Space   Used Autos Params    Refs
 ---------------------------------------------------------------------------------
 (0) _main                                                 0     0      0       0
 ---------------------------------------------------------------------------------
 Estimated maximum stack depth 0
 ---------------------------------------------------------------------------------
 (Depth) Function   	        Calls       Base Space   Used Autos Params    Refs
 ---------------------------------------------------------------------------------
 (1) _tc_int                                               2     2      0       0
                                              1 COMMON     2     2      0
                    _Timer0_CallBack
 ---------------------------------------------------------------------------------
 (2) _Timer0_CallBack                                      1     1      0       0
                                              0 COMMON     1     1      0
 ---------------------------------------------------------------------------------
 Estimated maximum stack depth 2
 ---------------------------------------------------------------------------------

 Call Graph Graphs:

 _main (ROOT)

 _tc_int (ROOT)
   _Timer0_CallBack

 Address spaces:
Name               Size   Autos  Total    Cost      Usage
BIGRAM              70      0       0       0        0.0%
EEDATA             100      0       0       0        0.0%
NULL                 0      0       0       0        0.0%
CODE                 0      0       0       0        0.0%
BITCOMMON            E      0       0       1        0.0%
BITSFR0              0      0       0       1        0.0%
SFR0                 0      0       0       1        0.0%
COMMON               E      3       A       2       71.4%
BITSFR1              0      0       0       2        0.0%
SFR1                 0      0       0       2        0.0%
BITSFR2              0      0       0       3        0.0%
SFR2                 0      0       0       3        0.0%
STACK                0      0       0       3        0.0%
BITSFR3              0      0       0       4        0.0%
SFR3                 0      0       0       4        0.0%
ABS                  0      0       A       4        0.0%
BITBANK0            50      0       0       5        0.0%
BITSFR4              0      0       0       5        0.0%
SFR4                 0      0       0       5        0.0%
BANK0               50      0       0       6        0.0%
BITSFR5              0      0       0       6        0.0%
SFR5                 0      0       0       6        0.0%
BITBANK1            20      0       0       7        0.0%
BITSFR6              0      0       0       7        0.0%
SFR6                 0      0       0       7        0.0%
BANK1               20      0       0       8        0.0%
BITSFR7              0      0       0       8        0.0%
SFR7                 0      0       0       8        0.0%
BITSFR8              0      0       0       9        0.0%
SFR8                 0      0       0       9        0.0%
DATA                 0      0       A       9        0.0%
BITSFR9              0      0       0      10        0.0%
SFR9                 0      0       0      10        0.0%
BITSFR10             0      0       0      11        0.0%
SFR10                0      0       0      11        0.0%
BITSFR11             0      0       0      12        0.0%
SFR11                0      0       0      12        0.0%
BITSFR12             0      0       0      13        0.0%
SFR12                0      0       0      13        0.0%
BITSFR13             0      0       0      14        0.0%
SFR13                0      0       0      14        0.0%
BITSFR14             0      0       0      15        0.0%
SFR14                0      0       0      15        0.0%
BITSFR15             0      0       0      16        0.0%
SFR15                0      0       0      16        0.0%
BITSFR16             0      0       0      17        0.0%
SFR16                0      0       0      17        0.0%
BITSFR17             0      0       0      18        0.0%
SFR17                0      0       0      18        0.0%
BITSFR18             0      0       0      19        0.0%
SFR18                0      0       0      19        0.0%
BITSFR19             0      0       0      20        0.0%
SFR19                0      0       0      20        0.0%
BITSFR20             0      0       0      21        0.0%
SFR20                0      0       0      21        0.0%
BITSFR21             0      0       0      22        0.0%
SFR21                0      0       0      22        0.0%
BITSFR22             0      0       0      23        0.0%
SFR22                0      0       0      23        0.0%
BITSFR23             0      0       0      24        0.0%
SFR23                0      0       0      24        0.0%
BITSFR24             0      0       0      25        0.0%
SFR24                0      0       0      25        0.0%
BITSFR25             0      0       0      26        0.0%
SFR25                0      0       0      26        0.0%
BITSFR26             0      0       0      27        0.0%
SFR26                0      0       0      27        0.0%
BITSFR27             0      0       0      28        0.0%
SFR27                0      0       0      28        0.0%
BITSFR28             0      0       0      29        0.0%
SFR28                0      0       0      29        0.0%
BITSFR29             0      0       0      30        0.0%
SFR29                0      0       0      30        0.0%
BITSFR30             0      0       0      31        0.0%
SFR30                0      0       0      31        0.0%
BITSFR31             0      0       0      32        0.0%
SFR31                0      0       0      32        0.0%


Microchip Technology PIC Macro Assembler V1.35 build -356382666 
Symbol Table                                                                                   Sun Sep 04 15:31:36 2016

             __CFG_CP$OFF 0000               __CFG_LVP$ON 0000                       l109 00F6  
                     _PR2 001B              __CFG_CPD$OFF 0000              __CFG_BORV$LO 0000  
            __CFG_IESO$ON 0000                      _LATA 010C                      i1l90 00B2  
                    i1l91 00B0                      i1l69 004A                      i1l94 00B9  
                    i1l99 001E                      _TMR0 0015                      _TMR2 001A  
                    _WPUA 020C              __CFG_WRT$OFF 0000             __CFG_FCMEN$ON 0000  
                    _main 00BD                      btemp 007E             __CFG_BOREN$ON 0000  
                    ltemp 007E                      start 003D                      ttemp 007E  
                    wtemp 007E         ??_Timer0_CallBack 0077             __CFG_PLLEN$ON 0000  
                   ?_main 0077             __CFG_WDTE$OFF 0000                     _T2CON 001C  
                   _LATA0 0860                     _LATA1 0861                     _LATA5 0865  
                   i1l103 002F                     i1l106 0038                     i1l610 009A  
                   i1l602 0088                     i1l614 00A6                     i1l606 0091  
                   i1l616 00A7                     i1l634 001C                     i1l580 005A  
                   i1l644 0031                     i1l590 006D                     i1l584 0062  
                   i1l594 0076                     i1l586 0064                     i1l598 007F  
                   _TRISA 008C                     ltemp0 007E                     ltemp1 0082  
                   ltemp2 0086                     ltemp3 0080                     ttemp0 007E  
                   ttemp1 0081                     ttemp2 0084                     ttemp3 0087  
                   ttemp4 007F                     status 0003                     wtemp0 007E  
                   wtemp1 0080                     wtemp2 0082                     wtemp3 0084  
                   wtemp4 0086                     wtemp5 0088                     wtemp6 007F  
          __CFG_MCLRE$OFF 0000           __initialization 003E              __end_of_main 00F7  
                  ??_main 007A            _convertedValue 0072                    _ADCON0 009D  
                  _ADCON1 009E                    _ADRESH 009C                    _ADRESL 009B  
                  _APFCON 011D                    _ANSELA 018C                    _INTCON 000B  
                  _OSCCON 0099            __CFG_PWRTE$OFF 0000            __CFG_STVREN$ON 0000  
                  _tc_int 0004   __end_of__initialization 0045            __pcstackCOMMON 0077  
          _OPTION_REGbits 0095           _Timer0_CallBack 0048                __pmaintext 00BD  
              __pintentry 0004                   ?_tc_int 0077                   _OSCSTAT 009A  
                 _OSCTUNE 0098           __size_of_tc_int 0039                   __ptext2 0048  
               _T2CONbits 001C   __end_of_Timer0_CallBack 00BD                   _pwmduty 0076  
    end_of_initialization 0045                 _PORTAbits 000C          __CFG_FOSC$INTOSC 0000  
          __end_of_tc_int 003D       start_initialization 003E          ?_Timer0_CallBack 0077  
                ??_tc_int 0078               __pbssCOMMON 0070                 ___latbits 0000  
                _PIE1bits 0091                  _PIR1bits 0011                _ADCON0bits 009D  
                _OverTemp 0074             __size_of_main 003A                  int$flags 007E  
                _pwmcount 0075                _INTCONbits 000B                  intlevel1 0000  
           _CountCallBack 0070         __CFG_CLKOUTEN$OFF 0000  __size_of_Timer0_CallBack 0075  
              _OPTION_REG 0095  
